<?xml version="1.0" encoding="UTF-8"?>
<!-- Generated by org.testng.reporters.JUnitXMLReporter -->
<testsuite hostname="Vladimir-HP" name="My test" tests="31" failures="0" timestamp="30 Nov 2015 19:57:07 GMT" time="76.187" errors="0">
  <testcase name="deleteAllContacts" time="4.373" classname="com.example.tests.TestOfContactCreation"/>
  <testcase name="contactCreationWithValidData" time="4.7" classname="com.example.tests.TestOfContactCreation"/>
  <testcase name="contactCreationWithValidData" time="1.914" classname="com.example.tests.TestOfContactCreation"/>
  <testcase name="contactCreationWithValidData" time="1.914" classname="com.example.tests.TestOfContactCreation"/>
  <testcase name="contactCreationWithValidData" time="2.049" classname="com.example.tests.TestOfContactCreation"/>
  <testcase name="contactCreationWithValidData" time="2.163" classname="com.example.tests.TestOfContactCreation"/>
  <testcase name="contactCreationWithValidData" time="2.359" classname="com.example.tests.TestOfContactCreation"/>
  <testcase name="contactCreationWithValidData" time="2.486" classname="com.example.tests.TestOfContactCreation"/>
  <testcase name="contactCreationWithValidData" time="2.629" classname="com.example.tests.TestOfContactCreation"/>
  <testcase name="contactCreationWithValidData" time="2.708" classname="com.example.tests.TestOfContactCreation"/>
  <testcase name="contactCreationWithValidData" time="2.757" classname="com.example.tests.TestOfContactCreation"/>
  <testcase name="modifySomeContact" time="2.063" classname="com.example.tests.TestOfContactModification"/>
  <testcase name="modifySomeContact" time="2.153" classname="com.example.tests.TestOfContactModification"/>
  <testcase name="modifySomeContact" time="2.023" classname="com.example.tests.TestOfContactModification"/>
  <testcase name="modifySomeContact" time="2.053" classname="com.example.tests.TestOfContactModification"/>
  <testcase name="modifySomeContact" time="2.077" classname="com.example.tests.TestOfContactModification"/>
  <testcase name="modifySomeContact" time="1.949" classname="com.example.tests.TestOfContactModification"/>
  <testcase name="modifySomeContact" time="1.976" classname="com.example.tests.TestOfContactModification"/>
  <testcase name="modifySomeContact" time="2.097" classname="com.example.tests.TestOfContactModification"/>
  <testcase name="modifySomeContact" time="1.983" classname="com.example.tests.TestOfContactModification"/>
  <testcase name="modifySomeContact" time="1.989" classname="com.example.tests.TestOfContactModification"/>
  <testcase name="deleteSomeContact" time="1.928" classname="com.example.tests.TestOfContactRemoval"/>
  <testcase name="deleteSomeContact" time="2.186" classname="com.example.tests.TestOfContactRemoval"/>
  <testcase name="deleteSomeContact" time="1.631" classname="com.example.tests.TestOfContactRemoval"/>
  <testcase name="deleteSomeContact" time="1.531" classname="com.example.tests.TestOfContactRemoval"/>
  <testcase name="deleteSomeContact" time="1.502" classname="com.example.tests.TestOfContactRemoval"/>
  <testcase name="deleteSomeContact" time="1.38" classname="com.example.tests.TestOfContactRemoval"/>
  <testcase name="deleteSomeContact" time="1.115" classname="com.example.tests.TestOfContactRemoval"/>
  <testcase name="deleteSomeContact" time="1.001" classname="com.example.tests.TestOfContactRemoval"/>
  <testcase name="deleteSomeContact" time="0.945" classname="com.example.tests.TestOfContactRemoval"/>
  <testcase name="deleteSomeContact" time="4.956" classname="com.example.tests.TestOfContactRemoval"/>
</testsuite> <!-- My test -->
